Item.obj : warning LNK4006: "int LastClockTimeM" (?LastClockTimeM@@3HA) already defined in Display.obj; second definition ignored
Item.obj : warning LNK4006: "bool buttonState" (?buttonState@@3_NA) already defined in Display.obj; second definition ignored
Item.obj : warning LNK4006: "int LastClockTime" (?LastClockTime@@3HA) already defined in Display.obj; second definition ignored
Display.obj : warning LNK4006: "bool __cdecl IsSecond(void)" (?IsSecond@@YA_NXZ) already defined in Display.obj; second definition ignored
Display.obj : warning LNK4006: "bool __cdecl DrawButtonText(struct Rectangle,int,class std::basic_string<char,struct std::char_traits<char>,class std::allocator<char> >,int,int,struct Color,struct Color,struct Color,struct Color)" (?DrawButtonText@@YA_NURectangle@@HV?$basic_string@DU?$char_traits@D@std@@V?$allocator@D@2@@std@@HHUColor@@222@Z) already defined in Display.obj; second definition ignored
Display.obj : warning LNK4006: "bool __cdecl DrawButtonS(struct Rectangle,int,struct Color,struct Color,struct Color)" (?DrawButtonS@@YA_NURectangle@@HUColor@@11@Z) already defined in Display.obj; second definition ignored
Display.obj : warning LNK4006: "void __cdecl DrawTextC(class std::basic_string<char,struct std::char_traits<char>,class std::allocator<char> >,int,struct Vector2,struct Color)" (?DrawTextC@@YAXV?$basic_string@DU?$char_traits@D@std@@V?$allocator@D@2@@std@@HUVector2@@UColor@@@Z) already defined in Display.obj; second definition ignored
Display.obj : warning LNK4006: "bool __cdecl ReadFileVector(class std::vector<class std::basic_string<char,struct std::char_traits<char>,class std::allocator<char> >,class std::allocator<class std::basic_string<char,struct std::char_traits<char>,class std::allocator<char> > > > &,class std::basic_string<char,struct std::char_traits<char>,class std::allocator<char> >)" (?ReadFileVector@@YA_NAAV?$vector@V?$basic_string@DU?$char_traits@D@std@@V?$allocator@D@2@@std@@V?$allocator@V?$basic_string@DU?$char_traits@D@std@@V?$allocator@D@2@@std@@@2@@std@@V?$basic_string@DU?$char_traits@D@std@@V?$allocator@D@2@@2@@Z) already defined in Display.obj; second definition ignored
ObjectP.obj : warning LNK4006: "int LastClockTimeM" (?LastClockTimeM@@3HA) already defined in Display.obj; second definition ignored
ObjectP.obj : warning LNK4006: "bool buttonState" (?buttonState@@3_NA) already defined in Display.obj; second definition ignored
ObjectP.obj : warning LNK4006: "int LastClockTime" (?LastClockTime@@3HA) already defined in Display.obj; second definition ignored
Display.obj : warning LNK4006: "bool __cdecl IsSecond(void)" (?IsSecond@@YA_NXZ) already defined in Display.obj; second definition ignored
Display.obj : warning LNK4006: "bool __cdecl DrawButtonText(struct Rectangle,int,class std::basic_string<char,struct std::char_traits<char>,class std::allocator<char> >,int,int,struct Color,struct Color,struct Color,struct Color)" (?DrawButtonText@@YA_NURectangle@@HV?$basic_string@DU?$char_traits@D@std@@V?$allocator@D@2@@std@@HHUColor@@222@Z) already defined in Display.obj; second definition ignored
Display.obj : warning LNK4006: "bool __cdecl DrawButtonS(struct Rectangle,int,struct Color,struct Color,struct Color)" (?DrawButtonS@@YA_NURectangle@@HUColor@@11@Z) already defined in Display.obj; second definition ignored
Display.obj : warning LNK4006: "void __cdecl DrawTextC(class std::basic_string<char,struct std::char_traits<char>,class std::allocator<char> >,int,struct Vector2,struct Color)" (?DrawTextC@@YAXV?$basic_string@DU?$char_traits@D@std@@V?$allocator@D@2@@std@@HUVector2@@UColor@@@Z) already defined in Display.obj; second definition ignored
Display.obj : warning LNK4006: "bool __cdecl ReadFileVector(class std::vector<class std::basic_string<char,struct std::char_traits<char>,class std::allocator<char> >,class std::allocator<class std::basic_string<char,struct std::char_traits<char>,class std::allocator<char> > > > &,class std::basic_string<char,struct std::char_traits<char>,class std::allocator<char> >)" (?ReadFileVector@@YA_NAAV?$vector@V?$basic_string@DU?$char_traits@D@std@@V?$allocator@D@2@@std@@V?$allocator@V?$basic_string@DU?$char_traits@D@std@@V?$allocator@D@2@@std@@@2@@std@@V?$basic_string@DU?$char_traits@D@std@@V?$allocator@D@2@@2@@Z) already defined in Display.obj; second definition ignored
RandLi.obj : warning LNK4006: "int LastClockTimeM" (?LastClockTimeM@@3HA) already defined in Display.obj; second definition ignored
RandLi.obj : warning LNK4006: "bool buttonState" (?buttonState@@3_NA) already defined in Display.obj; second definition ignored
RandLi.obj : warning LNK4006: "int LastClockTime" (?LastClockTime@@3HA) already defined in Display.obj; second definition ignored
Display.obj : warning LNK4006: "bool __cdecl IsSecond(void)" (?IsSecond@@YA_NXZ) already defined in Display.obj; second definition ignored
Display.obj : warning LNK4006: "bool __cdecl DrawButtonText(struct Rectangle,int,class std::basic_string<char,struct std::char_traits<char>,class std::allocator<char> >,int,int,struct Color,struct Color,struct Color,struct Color)" (?DrawButtonText@@YA_NURectangle@@HV?$basic_string@DU?$char_traits@D@std@@V?$allocator@D@2@@std@@HHUColor@@222@Z) already defined in Display.obj; second definition ignored
Display.obj : warning LNK4006: "bool __cdecl DrawButtonS(struct Rectangle,int,struct Color,struct Color,struct Color)" (?DrawButtonS@@YA_NURectangle@@HUColor@@11@Z) already defined in Display.obj; second definition ignored
Display.obj : warning LNK4006: "void __cdecl DrawTextC(class std::basic_string<char,struct std::char_traits<char>,class std::allocator<char> >,int,struct Vector2,struct Color)" (?DrawTextC@@YAXV?$basic_string@DU?$char_traits@D@std@@V?$allocator@D@2@@std@@HUVector2@@UColor@@@Z) already defined in Display.obj; second definition ignored
Display.obj : warning LNK4006: "bool __cdecl ReadFileVector(class std::vector<class std::basic_string<char,struct std::char_traits<char>,class std::allocator<char> >,class std::allocator<class std::basic_string<char,struct std::char_traits<char>,class std::allocator<char> > > > &,class std::basic_string<char,struct std::char_traits<char>,class std::allocator<char> >)" (?ReadFileVector@@YA_NAAV?$vector@V?$basic_string@DU?$char_traits@D@std@@V?$allocator@D@2@@std@@V?$allocator@V?$basic_string@DU?$char_traits@D@std@@V?$allocator@D@2@@std@@@2@@std@@V?$basic_string@DU?$char_traits@D@std@@V?$allocator@D@2@@2@@Z) already defined in Display.obj; second definition ignored
Source.obj : warning LNK4006: "int LastClockTimeM" (?LastClockTimeM@@3HA) already defined in Display.obj; second definition ignored
Source.obj : warning LNK4006: "bool buttonState" (?buttonState@@3_NA) already defined in Display.obj; second definition ignored
Source.obj : warning LNK4006: "int LastClockTime" (?LastClockTime@@3HA) already defined in Display.obj; second definition ignored
Display.obj : warning LNK4006: "bool __cdecl IsSecond(void)" (?IsSecond@@YA_NXZ) already defined in Display.obj; second definition ignored
Display.obj : warning LNK4006: "bool __cdecl DrawButtonText(struct Rectangle,int,class std::basic_string<char,struct std::char_traits<char>,class std::allocator<char> >,int,int,struct Color,struct Color,struct Color,struct Color)" (?DrawButtonText@@YA_NURectangle@@HV?$basic_string@DU?$char_traits@D@std@@V?$allocator@D@2@@std@@HHUColor@@222@Z) already defined in Display.obj; second definition ignored
Display.obj : warning LNK4006: "bool __cdecl DrawButtonS(struct Rectangle,int,struct Color,struct Color,struct Color)" (?DrawButtonS@@YA_NURectangle@@HUColor@@11@Z) already defined in Display.obj; second definition ignored
Display.obj : warning LNK4006: "void __cdecl DrawTextC(class std::basic_string<char,struct std::char_traits<char>,class std::allocator<char> >,int,struct Vector2,struct Color)" (?DrawTextC@@YAXV?$basic_string@DU?$char_traits@D@std@@V?$allocator@D@2@@std@@HUVector2@@UColor@@@Z) already defined in Display.obj; second definition ignored
Display.obj : warning LNK4006: "bool __cdecl ReadFileVector(class std::vector<class std::basic_string<char,struct std::char_traits<char>,class std::allocator<char> >,class std::allocator<class std::basic_string<char,struct std::char_traits<char>,class std::allocator<char> > > > &,class std::basic_string<char,struct std::char_traits<char>,class std::allocator<char> >)" (?ReadFileVector@@YA_NAAV?$vector@V?$basic_string@DU?$char_traits@D@std@@V?$allocator@D@2@@std@@V?$allocator@V?$basic_string@DU?$char_traits@D@std@@V?$allocator@D@2@@std@@@2@@std@@V?$basic_string@DU?$char_traits@D@std@@V?$allocator@D@2@@2@@Z) already defined in Display.obj; second definition ignored
Tile.obj : warning LNK4006: "int LastClockTimeM" (?LastClockTimeM@@3HA) already defined in Display.obj; second definition ignored
Tile.obj : warning LNK4006: "bool buttonState" (?buttonState@@3_NA) already defined in Display.obj; second definition ignored
Tile.obj : warning LNK4006: "int LastClockTime" (?LastClockTime@@3HA) already defined in Display.obj; second definition ignored
Display.obj : warning LNK4006: "bool __cdecl IsSecond(void)" (?IsSecond@@YA_NXZ) already defined in Display.obj; second definition ignored
Display.obj : warning LNK4006: "bool __cdecl DrawButtonText(struct Rectangle,int,class std::basic_string<char,struct std::char_traits<char>,class std::allocator<char> >,int,int,struct Color,struct Color,struct Color,struct Color)" (?DrawButtonText@@YA_NURectangle@@HV?$basic_string@DU?$char_traits@D@std@@V?$allocator@D@2@@std@@HHUColor@@222@Z) already defined in Display.obj; second definition ignored
Display.obj : warning LNK4006: "bool __cdecl DrawButtonS(struct Rectangle,int,struct Color,struct Color,struct Color)" (?DrawButtonS@@YA_NURectangle@@HUColor@@11@Z) already defined in Display.obj; second definition ignored
Display.obj : warning LNK4006: "void __cdecl DrawTextC(class std::basic_string<char,struct std::char_traits<char>,class std::allocator<char> >,int,struct Vector2,struct Color)" (?DrawTextC@@YAXV?$basic_string@DU?$char_traits@D@std@@V?$allocator@D@2@@std@@HUVector2@@UColor@@@Z) already defined in Display.obj; second definition ignored
Display.obj : warning LNK4006: "bool __cdecl ReadFileVector(class std::vector<class std::basic_string<char,struct std::char_traits<char>,class std::allocator<char> >,class std::allocator<class std::basic_string<char,struct std::char_traits<char>,class std::allocator<char> > > > &,class std::basic_string<char,struct std::char_traits<char>,class std::allocator<char> >)" (?ReadFileVector@@YA_NAAV?$vector@V?$basic_string@DU?$char_traits@D@std@@V?$allocator@D@2@@std@@V?$allocator@V?$basic_string@DU?$char_traits@D@std@@V?$allocator@D@2@@std@@@2@@std@@V?$basic_string@DU?$char_traits@D@std@@V?$allocator@D@2@@2@@Z) already defined in Display.obj; second definition ignored
CrossSockets.lib(CS_Client.obj) : warning LNK4006: "struct std::atomic<bool> __IsDisplaying" (?__IsDisplaying@@3U?$atomic@_N@std@@A) already defined in Source.obj; second definition ignored
CrossSockets.lib(CS_Client.obj) : warning LNK4006: "class D_COLOR::ColorM::Modifier D_COLOR::defM" (?defM@D_COLOR@@3VModifier@ColorM@1@A) already defined in Source.obj; second definition ignored
CrossSockets.lib(CS_Client.obj) : warning LNK4006: "class D_COLOR::ColorM::Modifier D_COLOR::blueM" (?blueM@D_COLOR@@3VModifier@ColorM@1@A) already defined in Source.obj; second definition ignored
CrossSockets.lib(CS_Client.obj) : warning LNK4006: "class D_COLOR::ColorM::Modifier D_COLOR::greenM" (?greenM@D_COLOR@@3VModifier@ColorM@1@A) already defined in Source.obj; second definition ignored
CrossSockets.lib(CS_Client.obj) : warning LNK4006: "class D_COLOR::ColorM::Modifier D_COLOR::magentaM" (?magentaM@D_COLOR@@3VModifier@ColorM@1@A) already defined in Source.obj; second definition ignored
CrossSockets.lib(CS_Client.obj) : warning LNK4006: "class std::vector<class std::basic_string<char,struct std::char_traits<char>,class std::allocator<char> >,class std::allocator<class std::basic_string<char,struct std::char_traits<char>,class std::allocator<char> > > > AllLog" (?AllLog@@3V?$vector@V?$basic_string@DU?$char_traits@D@std@@V?$allocator@D@2@@std@@V?$allocator@V?$basic_string@DU?$char_traits@D@std@@V?$allocator@D@2@@std@@@2@@std@@A) already defined in Source.obj; second definition ignored
CrossSockets.lib(CS_Client.obj) : warning LNK4006: "class std::basic_string<char,struct std::char_traits<char>,class std::allocator<char> > * D_COLOR::debugstring" (?debugstring@D_COLOR@@3PAV?$basic_string@DU?$char_traits@D@std@@V?$allocator@D@2@@std@@A) already defined in Source.obj; second definition ignored
CrossSockets.lib(CS_Client.obj) : warning LNK4006: "class D_COLOR::ColorM::Modifier D_COLOR::redM" (?redM@D_COLOR@@3VModifier@ColorM@1@A) already defined in Source.obj; second definition ignored
CrossSockets.lib(CS_Client.obj) : warning LNK4006: "class D_COLOR::ColorM::Modifier D_COLOR::yellowM" (?yellowM@D_COLOR@@3VModifier@ColorM@1@A) already defined in Source.obj; second definition ignored
CrossSockets.lib(displayout.obj) : warning LNK4006: "struct std::atomic<bool> __IsDisplaying" (?__IsDisplaying@@3U?$atomic@_N@std@@A) already defined in Source.obj; second definition ignored
CrossSockets.lib(displayout.obj) : warning LNK4006: "class D_COLOR::ColorM::Modifier D_COLOR::defM" (?defM@D_COLOR@@3VModifier@ColorM@1@A) already defined in Source.obj; second definition ignored
CrossSockets.lib(displayout.obj) : warning LNK4006: "class D_COLOR::ColorM::Modifier D_COLOR::blueM" (?blueM@D_COLOR@@3VModifier@ColorM@1@A) already defined in Source.obj; second definition ignored
CrossSockets.lib(displayout.obj) : warning LNK4006: "class D_COLOR::ColorM::Modifier D_COLOR::greenM" (?greenM@D_COLOR@@3VModifier@ColorM@1@A) already defined in Source.obj; second definition ignored
CrossSockets.lib(displayout.obj) : warning LNK4006: "class D_COLOR::ColorM::Modifier D_COLOR::magentaM" (?magentaM@D_COLOR@@3VModifier@ColorM@1@A) already defined in Source.obj; second definition ignored
CrossSockets.lib(displayout.obj) : warning LNK4006: "class std::vector<class std::basic_string<char,struct std::char_traits<char>,class std::allocator<char> >,class std::allocator<class std::basic_string<char,struct std::char_traits<char>,class std::allocator<char> > > > AllLog" (?AllLog@@3V?$vector@V?$basic_string@DU?$char_traits@D@std@@V?$allocator@D@2@@std@@V?$allocator@V?$basic_string@DU?$char_traits@D@std@@V?$allocator@D@2@@std@@@2@@std@@A) already defined in Source.obj; second definition ignored
CrossSockets.lib(displayout.obj) : warning LNK4006: "class std::basic_string<char,struct std::char_traits<char>,class std::allocator<char> > * D_COLOR::debugstring" (?debugstring@D_COLOR@@3PAV?$basic_string@DU?$char_traits@D@std@@V?$allocator@D@2@@std@@A) already defined in Source.obj; second definition ignored
CrossSockets.lib(displayout.obj) : warning LNK4006: "class D_COLOR::ColorM::Modifier D_COLOR::redM" (?redM@D_COLOR@@3VModifier@ColorM@1@A) already defined in Source.obj; second definition ignored
CrossSockets.lib(displayout.obj) : warning LNK4006: "class D_COLOR::ColorM::Modifier D_COLOR::yellowM" (?yellowM@D_COLOR@@3VModifier@ColorM@1@A) already defined in Source.obj; second definition ignored
CrossSockets.lib(CS_COM.obj) : warning LNK4006: "struct std::atomic<bool> __IsDisplaying" (?__IsDisplaying@@3U?$atomic@_N@std@@A) already defined in Source.obj; second definition ignored
CrossSockets.lib(CS_COM.obj) : warning LNK4006: "class D_COLOR::ColorM::Modifier D_COLOR::defM" (?defM@D_COLOR@@3VModifier@ColorM@1@A) already defined in Source.obj; second definition ignored
CrossSockets.lib(CS_COM.obj) : warning LNK4006: "class D_COLOR::ColorM::Modifier D_COLOR::blueM" (?blueM@D_COLOR@@3VModifier@ColorM@1@A) already defined in Source.obj; second definition ignored
CrossSockets.lib(CS_COM.obj) : warning LNK4006: "class D_COLOR::ColorM::Modifier D_COLOR::greenM" (?greenM@D_COLOR@@3VModifier@ColorM@1@A) already defined in Source.obj; second definition ignored
CrossSockets.lib(CS_COM.obj) : warning LNK4006: "class D_COLOR::ColorM::Modifier D_COLOR::magentaM" (?magentaM@D_COLOR@@3VModifier@ColorM@1@A) already defined in Source.obj; second definition ignored
CrossSockets.lib(CS_COM.obj) : warning LNK4006: "class std::vector<class std::basic_string<char,struct std::char_traits<char>,class std::allocator<char> >,class std::allocator<class std::basic_string<char,struct std::char_traits<char>,class std::allocator<char> > > > AllLog" (?AllLog@@3V?$vector@V?$basic_string@DU?$char_traits@D@std@@V?$allocator@D@2@@std@@V?$allocator@V?$basic_string@DU?$char_traits@D@std@@V?$allocator@D@2@@std@@@2@@std@@A) already defined in Source.obj; second definition ignored
CrossSockets.lib(CS_COM.obj) : warning LNK4006: "class std::basic_string<char,struct std::char_traits<char>,class std::allocator<char> > * D_COLOR::debugstring" (?debugstring@D_COLOR@@3PAV?$basic_string@DU?$char_traits@D@std@@V?$allocator@D@2@@std@@A) already defined in Source.obj; second definition ignored
CrossSockets.lib(CS_COM.obj) : warning LNK4006: "class D_COLOR::ColorM::Modifier D_COLOR::redM" (?redM@D_COLOR@@3VModifier@ColorM@1@A) already defined in Source.obj; second definition ignored
CrossSockets.lib(CS_COM.obj) : warning LNK4006: "class D_COLOR::ColorM::Modifier D_COLOR::yellowM" (?yellowM@D_COLOR@@3VModifier@ColorM@1@A) already defined in Source.obj; second definition ignored
C:\Users\corig\Source\Repos\Pamma\Release\Pamma.exe : warning LNK4088: image being generated due to /FORCE option; image may not run
  Generating code
  0 of 803 functions ( 0.0%) were compiled, the rest were copied from previous compilation.
    0 functions were new in current compilation
    0 functions had inline decision re-evaluated but remain unchanged
  Finished generating code
* CIL library *(* CIL module *) : warning LNK4006: "class D_COLOR::ColorM::Modifier D_COLOR::defM" (?defM@D_COLOR@@3VModifier@ColorM@1@A) already defined in * CIL library *(* CIL module *); second definition ignored
* CIL library *(* CIL module *) : warning LNK4006: "class D_COLOR::ColorM::Modifier D_COLOR::blueM" (?blueM@D_COLOR@@3VModifier@ColorM@1@A) already defined in * CIL library *(* CIL module *); second definition ignored
* CIL library *(* CIL module *) : warning LNK4006: "class D_COLOR::ColorM::Modifier D_COLOR::greenM" (?greenM@D_COLOR@@3VModifier@ColorM@1@A) already defined in * CIL library *(* CIL module *); second definition ignored
* CIL library *(* CIL module *) : warning LNK4006: "class D_COLOR::ColorM::Modifier D_COLOR::magentaM" (?magentaM@D_COLOR@@3VModifier@ColorM@1@A) already defined in * CIL library *(* CIL module *); second definition ignored
* CIL library *(* CIL module *) : warning LNK4006: "class std::vector<class std::basic_string<char,struct std::char_traits<char>,class std::allocator<char> >,class std::allocator<class std::basic_string<char,struct std::char_traits<char>,class std::allocator<char> > > > AllLog" (?AllLog@@3V?$vector@V?$basic_string@DU?$char_traits@D@std@@V?$allocator@D@2@@std@@V?$allocator@V?$basic_string@DU?$char_traits@D@std@@V?$allocator@D@2@@std@@@2@@std@@A) already defined in * CIL library *(* CIL module *); second definition ignored
* CIL library *(* CIL module *) : warning LNK4006: "class std::basic_string<char,struct std::char_traits<char>,class std::allocator<char> > * D_COLOR::debugstring" (?debugstring@D_COLOR@@3PAV?$basic_string@DU?$char_traits@D@std@@V?$allocator@D@2@@std@@A) already defined in * CIL library *(* CIL module *); second definition ignored
* CIL library *(* CIL module *) : warning LNK4006: "class D_COLOR::ColorM::Modifier D_COLOR::redM" (?redM@D_COLOR@@3VModifier@ColorM@1@A) already defined in * CIL library *(* CIL module *); second definition ignored
* CIL library *(* CIL module *) : warning LNK4006: "class D_COLOR::ColorM::Modifier D_COLOR::yellowM" (?yellowM@D_COLOR@@3VModifier@ColorM@1@A) already defined in * CIL library *(* CIL module *); second definition ignored
* CIL library *(* CIL module *) : warning LNK4006: "class D_COLOR::ColorM::Modifier D_COLOR::defM" (?defM@D_COLOR@@3VModifier@ColorM@1@A) already defined in * CIL library *(* CIL module *); second definition ignored
* CIL library *(* CIL module *) : warning LNK4006: "class D_COLOR::ColorM::Modifier D_COLOR::blueM" (?blueM@D_COLOR@@3VModifier@ColorM@1@A) already defined in * CIL library *(* CIL module *); second definition ignored
* CIL library *(* CIL module *) : warning LNK4006: "class D_COLOR::ColorM::Modifier D_COLOR::greenM" (?greenM@D_COLOR@@3VModifier@ColorM@1@A) already defined in * CIL library *(* CIL module *); second definition ignored
* CIL library *(* CIL module *) : warning LNK4006: "class D_COLOR::ColorM::Modifier D_COLOR::magentaM" (?magentaM@D_COLOR@@3VModifier@ColorM@1@A) already defined in * CIL library *(* CIL module *); second definition ignored
* CIL library *(* CIL module *) : warning LNK4006: "class std::vector<class std::basic_string<char,struct std::char_traits<char>,class std::allocator<char> >,class std::allocator<class std::basic_string<char,struct std::char_traits<char>,class std::allocator<char> > > > AllLog" (?AllLog@@3V?$vector@V?$basic_string@DU?$char_traits@D@std@@V?$allocator@D@2@@std@@V?$allocator@V?$basic_string@DU?$char_traits@D@std@@V?$allocator@D@2@@std@@@2@@std@@A) already defined in * CIL library *(* CIL module *); second definition ignored
* CIL library *(* CIL module *) : warning LNK4006: "class std::basic_string<char,struct std::char_traits<char>,class std::allocator<char> > * D_COLOR::debugstring" (?debugstring@D_COLOR@@3PAV?$basic_string@DU?$char_traits@D@std@@V?$allocator@D@2@@std@@A) already defined in * CIL library *(* CIL module *); second definition ignored
* CIL library *(* CIL module *) : warning LNK4006: "class D_COLOR::ColorM::Modifier D_COLOR::redM" (?redM@D_COLOR@@3VModifier@ColorM@1@A) already defined in * CIL library *(* CIL module *); second definition ignored
* CIL library *(* CIL module *) : warning LNK4006: "class D_COLOR::ColorM::Modifier D_COLOR::yellowM" (?yellowM@D_COLOR@@3VModifier@ColorM@1@A) already defined in * CIL library *(* CIL module *); second definition ignored
* CIL library *(* CIL module *) : warning LNK4006: "class D_COLOR::ColorM::Modifier D_COLOR::defM" (?defM@D_COLOR@@3VModifier@ColorM@1@A) already defined in * CIL library *(* CIL module *); second definition ignored
* CIL library *(* CIL module *) : warning LNK4006: "class D_COLOR::ColorM::Modifier D_COLOR::blueM" (?blueM@D_COLOR@@3VModifier@ColorM@1@A) already defined in * CIL library *(* CIL module *); second definition ignored
* CIL library *(* CIL module *) : warning LNK4006: "class D_COLOR::ColorM::Modifier D_COLOR::greenM" (?greenM@D_COLOR@@3VModifier@ColorM@1@A) already defined in * CIL library *(* CIL module *); second definition ignored
* CIL library *(* CIL module *) : warning LNK4006: "class D_COLOR::ColorM::Modifier D_COLOR::magentaM" (?magentaM@D_COLOR@@3VModifier@ColorM@1@A) already defined in * CIL library *(* CIL module *); second definition ignored
* CIL library *(* CIL module *) : warning LNK4006: "class std::vector<class std::basic_string<char,struct std::char_traits<char>,class std::allocator<char> >,class std::allocator<class std::basic_string<char,struct std::char_traits<char>,class std::allocator<char> > > > AllLog" (?AllLog@@3V?$vector@V?$basic_string@DU?$char_traits@D@std@@V?$allocator@D@2@@std@@V?$allocator@V?$basic_string@DU?$char_traits@D@std@@V?$allocator@D@2@@std@@@2@@std@@A) already defined in * CIL library *(* CIL module *); second definition ignored
* CIL library *(* CIL module *) : warning LNK4006: "class std::basic_string<char,struct std::char_traits<char>,class std::allocator<char> > * D_COLOR::debugstring" (?debugstring@D_COLOR@@3PAV?$basic_string@DU?$char_traits@D@std@@V?$allocator@D@2@@std@@A) already defined in * CIL library *(* CIL module *); second definition ignored
* CIL library *(* CIL module *) : warning LNK4006: "class D_COLOR::ColorM::Modifier D_COLOR::redM" (?redM@D_COLOR@@3VModifier@ColorM@1@A) already defined in * CIL library *(* CIL module *); second definition ignored
* CIL library *(* CIL module *) : warning LNK4006: "class D_COLOR::ColorM::Modifier D_COLOR::yellowM" (?yellowM@D_COLOR@@3VModifier@ColorM@1@A) already defined in * CIL library *(* CIL module *); second definition ignored
C:\Users\corig\Source\Repos\Pamma\Release\Pamma.exe : warning LNK4088: image being generated due to /FORCE option; image may not run
CrossSockets.lib(CS_Client.obj) : warning LNK4099: PDB 'CrossSockets.pdb' was not found with 'CrossSockets.lib(CS_Client.obj)' or at 'C:\Users\corig\Source\Repos\Pamma\Release\CrossSockets.pdb'; linking object as if no debug info
CrossSockets.lib(displayout.obj) : warning LNK4099: PDB 'CrossSockets.pdb' was not found with 'CrossSockets.lib(displayout.obj)' or at 'C:\Users\corig\Source\Repos\Pamma\Release\CrossSockets.pdb'; linking object as if no debug info
CrossSockets.lib(CS_COM.obj) : warning LNK4099: PDB 'CrossSockets.pdb' was not found with 'CrossSockets.lib(CS_COM.obj)' or at 'C:\Users\corig\Source\Repos\Pamma\Release\CrossSockets.pdb'; linking object as if no debug info
  Pamma.vcxproj -> C:\Users\corig\Source\Repos\Pamma\Release\Pamma.exe
