  Source.cpp
C:\Users\corig\Source\Repos\CrossSockets\CrossSockets\CS_Server.h(68,27): warning C4018: '<': signed/unsigned mismatch
C:\Users\corig\Source\Repos\Pamma\Source.cpp(52,41): warning C4305: 'argument': truncation from 'double' to 'float'
C:\Users\corig\Source\Repos\Pamma\Source.cpp(53,41): warning C4305: 'argument': truncation from 'double' to 'float'
C:\Users\corig\Source\Repos\Pamma\Source.cpp(54,42): warning C4305: 'argument': truncation from 'double' to 'float'
C:\Users\corig\Source\Repos\Pamma\Source.cpp(64,14): warning C4244: 'initializing': conversion from 'int' to 'float', possible loss of data
C:\Users\corig\Source\Repos\Pamma\Source.cpp(65,14): warning C4244: 'initializing': conversion from 'int' to 'float', possible loss of data
C:\Users\corig\Source\Repos\Pamma\Source.cpp(75,12): warning C4244: 'argument': conversion from 'time_t' to 'unsigned int', possible loss of data
C:\Users\corig\Source\Repos\Pamma\Source.cpp(88,28): warning C4305: 'initializing': truncation from 'double' to 'float'
C:\Users\corig\Source\Repos\Pamma\Source.cpp(208,11): warning C4244: '=': conversion from 'float' to 'int', possible loss of data
C:\Users\corig\Source\Repos\Pamma\Source.cpp(209,11): warning C4244: '=': conversion from 'float' to 'int', possible loss of data
C:\Users\corig\Source\Repos\Pamma\Source.cpp(226,59): warning C4244: 'argument': conversion from 'int' to 'float', possible loss of data
C:\Users\corig\Source\Repos\Pamma\Source.cpp(226,48): warning C4244: 'argument': conversion from 'int' to 'float', possible loss of data
C:\Users\corig\Source\Repos\Pamma\Source.cpp(247,61): warning C4244: 'argument': conversion from 'float' to 'int', possible loss of data
C:\Users\corig\Source\Repos\Pamma\Source.cpp(247,51): warning C4244: 'argument': conversion from 'float' to 'int', possible loss of data
C:\Users\corig\Source\Repos\Pamma\Source.cpp(248,71): warning C4244: 'argument': conversion from 'float' to 'int', possible loss of data
C:\Users\corig\Source\Repos\Pamma\Source.cpp(248,60): warning C4244: 'argument': conversion from 'float' to 'int', possible loss of data
C:\Users\corig\Source\Repos\Pamma\Source.cpp(249,184): warning C4244: 'argument': conversion from 'float' to 'int', possible loss of data
C:\Users\corig\Source\Repos\Pamma\Source.cpp(249,171): warning C4244: 'argument': conversion from 'float' to 'int', possible loss of data
C:\Users\corig\Source\Repos\Pamma\Source.cpp(249,101): warning C4244: 'argument': conversion from 'float' to 'int', possible loss of data
C:\Users\corig\Source\Repos\Pamma\Source.cpp(278,73): warning C4244: 'argument': conversion from 'float' to 'int', possible loss of data
C:\Users\corig\Source\Repos\Pamma\Source.cpp(278,63): warning C4244: 'argument': conversion from 'float' to 'int', possible loss of data
C:\Users\corig\Source\Repos\Pamma\Source.cpp(278,54): warning C4244: 'argument': conversion from 'float' to 'int', possible loss of data
C:\Users\corig\Source\Repos\Pamma\Source.cpp(281,59): warning C4244: 'argument': conversion from 'float' to 'int', possible loss of data
C:\Users\corig\Source\Repos\Pamma\Source.cpp(281,49): warning C4244: 'argument': conversion from 'float' to 'int', possible loss of data
C:\Users\corig\Source\Repos\Pamma\Source.cpp(281,30): warning C4244: 'argument': conversion from 'float' to 'int', possible loss of data
C:\Users\corig\Source\Repos\Pamma\Source.cpp(283,64): warning C4244: 'argument': conversion from 'float' to 'int', possible loss of data
C:\Users\corig\Source\Repos\Pamma\Source.cpp(283,54): warning C4244: 'argument': conversion from 'float' to 'int', possible loss of data
C:\Users\corig\Source\Repos\Pamma\Source.cpp(283,35): warning C4244: 'argument': conversion from 'float' to 'int', possible loss of data
C:\Users\corig\Source\Repos\Pamma\Source.cpp(285,65): warning C4244: 'argument': conversion from 'float' to 'int', possible loss of data
C:\Users\corig\Source\Repos\Pamma\Source.cpp(285,55): warning C4244: 'argument': conversion from 'float' to 'int', possible loss of data
C:\Users\corig\Source\Repos\Pamma\Source.cpp(285,36): warning C4244: 'argument': conversion from 'float' to 'int', possible loss of data
C:\Users\corig\Source\Repos\Pamma\Source.cpp(287,66): warning C4244: 'argument': conversion from 'float' to 'int', possible loss of data
C:\Users\corig\Source\Repos\Pamma\Source.cpp(287,56): warning C4244: 'argument': conversion from 'float' to 'int', possible loss of data
C:\Users\corig\Source\Repos\Pamma\Source.cpp(287,37): warning C4244: 'argument': conversion from 'float' to 'int', possible loss of data
CrossSockets.lib(CS_Client.obj) : warning LNK4006: "struct std::atomic<bool> __IsDisplaying" (?__IsDisplaying@@3U?$atomic@_N@std@@A) already defined in Source.obj; second definition ignored
CrossSockets.lib(CS_Client.obj) : warning LNK4006: "class D_COLOR::ColorM::Modifier D_COLOR::defM" (?defM@D_COLOR@@3VModifier@ColorM@1@A) already defined in Source.obj; second definition ignored
CrossSockets.lib(CS_Client.obj) : warning LNK4006: "class D_COLOR::ColorM::Modifier D_COLOR::blueM" (?blueM@D_COLOR@@3VModifier@ColorM@1@A) already defined in Source.obj; second definition ignored
CrossSockets.lib(CS_Client.obj) : warning LNK4006: "class D_COLOR::ColorM::Modifier D_COLOR::greenM" (?greenM@D_COLOR@@3VModifier@ColorM@1@A) already defined in Source.obj; second definition ignored
CrossSockets.lib(CS_Client.obj) : warning LNK4006: "class D_COLOR::ColorM::Modifier D_COLOR::magentaM" (?magentaM@D_COLOR@@3VModifier@ColorM@1@A) already defined in Source.obj; second definition ignored
CrossSockets.lib(CS_Client.obj) : warning LNK4006: "class std::vector<class std::basic_string<char,struct std::char_traits<char>,class std::allocator<char> >,class std::allocator<class std::basic_string<char,struct std::char_traits<char>,class std::allocator<char> > > > AllLog" (?AllLog@@3V?$vector@V?$basic_string@DU?$char_traits@D@std@@V?$allocator@D@2@@std@@V?$allocator@V?$basic_string@DU?$char_traits@D@std@@V?$allocator@D@2@@std@@@2@@std@@A) already defined in Source.obj; second definition ignored
CrossSockets.lib(CS_Client.obj) : warning LNK4006: "class std::basic_string<char,struct std::char_traits<char>,class std::allocator<char> > * D_COLOR::debugstring" (?debugstring@D_COLOR@@3PAV?$basic_string@DU?$char_traits@D@std@@V?$allocator@D@2@@std@@A) already defined in Source.obj; second definition ignored
CrossSockets.lib(CS_Client.obj) : warning LNK4006: "class D_COLOR::ColorM::Modifier D_COLOR::redM" (?redM@D_COLOR@@3VModifier@ColorM@1@A) already defined in Source.obj; second definition ignored
CrossSockets.lib(CS_Client.obj) : warning LNK4006: "class D_COLOR::ColorM::Modifier D_COLOR::yellowM" (?yellowM@D_COLOR@@3VModifier@ColorM@1@A) already defined in Source.obj; second definition ignored
CrossSockets.lib(displayout.obj) : warning LNK4006: "struct std::atomic<bool> __IsDisplaying" (?__IsDisplaying@@3U?$atomic@_N@std@@A) already defined in Source.obj; second definition ignored
CrossSockets.lib(displayout.obj) : warning LNK4006: "class D_COLOR::ColorM::Modifier D_COLOR::defM" (?defM@D_COLOR@@3VModifier@ColorM@1@A) already defined in Source.obj; second definition ignored
CrossSockets.lib(displayout.obj) : warning LNK4006: "class D_COLOR::ColorM::Modifier D_COLOR::blueM" (?blueM@D_COLOR@@3VModifier@ColorM@1@A) already defined in Source.obj; second definition ignored
CrossSockets.lib(displayout.obj) : warning LNK4006: "class D_COLOR::ColorM::Modifier D_COLOR::greenM" (?greenM@D_COLOR@@3VModifier@ColorM@1@A) already defined in Source.obj; second definition ignored
CrossSockets.lib(displayout.obj) : warning LNK4006: "class D_COLOR::ColorM::Modifier D_COLOR::magentaM" (?magentaM@D_COLOR@@3VModifier@ColorM@1@A) already defined in Source.obj; second definition ignored
CrossSockets.lib(displayout.obj) : warning LNK4006: "class std::vector<class std::basic_string<char,struct std::char_traits<char>,class std::allocator<char> >,class std::allocator<class std::basic_string<char,struct std::char_traits<char>,class std::allocator<char> > > > AllLog" (?AllLog@@3V?$vector@V?$basic_string@DU?$char_traits@D@std@@V?$allocator@D@2@@std@@V?$allocator@V?$basic_string@DU?$char_traits@D@std@@V?$allocator@D@2@@std@@@2@@std@@A) already defined in Source.obj; second definition ignored
CrossSockets.lib(displayout.obj) : warning LNK4006: "class std::basic_string<char,struct std::char_traits<char>,class std::allocator<char> > * D_COLOR::debugstring" (?debugstring@D_COLOR@@3PAV?$basic_string@DU?$char_traits@D@std@@V?$allocator@D@2@@std@@A) already defined in Source.obj; second definition ignored
CrossSockets.lib(displayout.obj) : warning LNK4006: "class D_COLOR::ColorM::Modifier D_COLOR::redM" (?redM@D_COLOR@@3VModifier@ColorM@1@A) already defined in Source.obj; second definition ignored
CrossSockets.lib(displayout.obj) : warning LNK4006: "class D_COLOR::ColorM::Modifier D_COLOR::yellowM" (?yellowM@D_COLOR@@3VModifier@ColorM@1@A) already defined in Source.obj; second definition ignored
CrossSockets.lib(CS_COM.obj) : warning LNK4006: "struct std::atomic<bool> __IsDisplaying" (?__IsDisplaying@@3U?$atomic@_N@std@@A) already defined in Source.obj; second definition ignored
CrossSockets.lib(CS_COM.obj) : warning LNK4006: "class D_COLOR::ColorM::Modifier D_COLOR::defM" (?defM@D_COLOR@@3VModifier@ColorM@1@A) already defined in Source.obj; second definition ignored
CrossSockets.lib(CS_COM.obj) : warning LNK4006: "class D_COLOR::ColorM::Modifier D_COLOR::blueM" (?blueM@D_COLOR@@3VModifier@ColorM@1@A) already defined in Source.obj; second definition ignored
CrossSockets.lib(CS_COM.obj) : warning LNK4006: "class D_COLOR::ColorM::Modifier D_COLOR::greenM" (?greenM@D_COLOR@@3VModifier@ColorM@1@A) already defined in Source.obj; second definition ignored
CrossSockets.lib(CS_COM.obj) : warning LNK4006: "class D_COLOR::ColorM::Modifier D_COLOR::magentaM" (?magentaM@D_COLOR@@3VModifier@ColorM@1@A) already defined in Source.obj; second definition ignored
CrossSockets.lib(CS_COM.obj) : warning LNK4006: "class std::vector<class std::basic_string<char,struct std::char_traits<char>,class std::allocator<char> >,class std::allocator<class std::basic_string<char,struct std::char_traits<char>,class std::allocator<char> > > > AllLog" (?AllLog@@3V?$vector@V?$basic_string@DU?$char_traits@D@std@@V?$allocator@D@2@@std@@V?$allocator@V?$basic_string@DU?$char_traits@D@std@@V?$allocator@D@2@@std@@@2@@std@@A) already defined in Source.obj; second definition ignored
CrossSockets.lib(CS_COM.obj) : warning LNK4006: "class std::basic_string<char,struct std::char_traits<char>,class std::allocator<char> > * D_COLOR::debugstring" (?debugstring@D_COLOR@@3PAV?$basic_string@DU?$char_traits@D@std@@V?$allocator@D@2@@std@@A) already defined in Source.obj; second definition ignored
CrossSockets.lib(CS_COM.obj) : warning LNK4006: "class D_COLOR::ColorM::Modifier D_COLOR::redM" (?redM@D_COLOR@@3VModifier@ColorM@1@A) already defined in Source.obj; second definition ignored
CrossSockets.lib(CS_COM.obj) : warning LNK4006: "class D_COLOR::ColorM::Modifier D_COLOR::yellowM" (?yellowM@D_COLOR@@3VModifier@ColorM@1@A) already defined in Source.obj; second definition ignored
C:\Users\corig\Source\Repos\Pamma\Release\Pamma.exe : warning LNK4088: image being generated due to /FORCE option; image may not run
  Generating code
  1 of 678 functions ( 0.1%) were compiled, the rest were copied from previous compilation.
    0 functions were new in current compilation
    0 functions had inline decision re-evaluated but remain unchanged
  Finished generating code
* CIL library *(* CIL module *) : warning LNK4006: "class D_COLOR::ColorM::Modifier D_COLOR::defM" (?defM@D_COLOR@@3VModifier@ColorM@1@A) already defined in * CIL library *(* CIL module *); second definition ignored
* CIL library *(* CIL module *) : warning LNK4006: "class D_COLOR::ColorM::Modifier D_COLOR::blueM" (?blueM@D_COLOR@@3VModifier@ColorM@1@A) already defined in * CIL library *(* CIL module *); second definition ignored
* CIL library *(* CIL module *) : warning LNK4006: "class D_COLOR::ColorM::Modifier D_COLOR::greenM" (?greenM@D_COLOR@@3VModifier@ColorM@1@A) already defined in * CIL library *(* CIL module *); second definition ignored
* CIL library *(* CIL module *) : warning LNK4006: "class D_COLOR::ColorM::Modifier D_COLOR::magentaM" (?magentaM@D_COLOR@@3VModifier@ColorM@1@A) already defined in * CIL library *(* CIL module *); second definition ignored
* CIL library *(* CIL module *) : warning LNK4006: "class std::vector<class std::basic_string<char,struct std::char_traits<char>,class std::allocator<char> >,class std::allocator<class std::basic_string<char,struct std::char_traits<char>,class std::allocator<char> > > > AllLog" (?AllLog@@3V?$vector@V?$basic_string@DU?$char_traits@D@std@@V?$allocator@D@2@@std@@V?$allocator@V?$basic_string@DU?$char_traits@D@std@@V?$allocator@D@2@@std@@@2@@std@@A) already defined in * CIL library *(* CIL module *); second definition ignored
* CIL library *(* CIL module *) : warning LNK4006: "class std::basic_string<char,struct std::char_traits<char>,class std::allocator<char> > * D_COLOR::debugstring" (?debugstring@D_COLOR@@3PAV?$basic_string@DU?$char_traits@D@std@@V?$allocator@D@2@@std@@A) already defined in * CIL library *(* CIL module *); second definition ignored
* CIL library *(* CIL module *) : warning LNK4006: "class D_COLOR::ColorM::Modifier D_COLOR::redM" (?redM@D_COLOR@@3VModifier@ColorM@1@A) already defined in * CIL library *(* CIL module *); second definition ignored
* CIL library *(* CIL module *) : warning LNK4006: "class D_COLOR::ColorM::Modifier D_COLOR::yellowM" (?yellowM@D_COLOR@@3VModifier@ColorM@1@A) already defined in * CIL library *(* CIL module *); second definition ignored
* CIL library *(* CIL module *) : warning LNK4006: "class D_COLOR::ColorM::Modifier D_COLOR::defM" (?defM@D_COLOR@@3VModifier@ColorM@1@A) already defined in * CIL library *(* CIL module *); second definition ignored
* CIL library *(* CIL module *) : warning LNK4006: "class D_COLOR::ColorM::Modifier D_COLOR::blueM" (?blueM@D_COLOR@@3VModifier@ColorM@1@A) already defined in * CIL library *(* CIL module *); second definition ignored
* CIL library *(* CIL module *) : warning LNK4006: "class D_COLOR::ColorM::Modifier D_COLOR::greenM" (?greenM@D_COLOR@@3VModifier@ColorM@1@A) already defined in * CIL library *(* CIL module *); second definition ignored
* CIL library *(* CIL module *) : warning LNK4006: "class D_COLOR::ColorM::Modifier D_COLOR::magentaM" (?magentaM@D_COLOR@@3VModifier@ColorM@1@A) already defined in * CIL library *(* CIL module *); second definition ignored
* CIL library *(* CIL module *) : warning LNK4006: "class std::vector<class std::basic_string<char,struct std::char_traits<char>,class std::allocator<char> >,class std::allocator<class std::basic_string<char,struct std::char_traits<char>,class std::allocator<char> > > > AllLog" (?AllLog@@3V?$vector@V?$basic_string@DU?$char_traits@D@std@@V?$allocator@D@2@@std@@V?$allocator@V?$basic_string@DU?$char_traits@D@std@@V?$allocator@D@2@@std@@@2@@std@@A) already defined in * CIL library *(* CIL module *); second definition ignored
* CIL library *(* CIL module *) : warning LNK4006: "class std::basic_string<char,struct std::char_traits<char>,class std::allocator<char> > * D_COLOR::debugstring" (?debugstring@D_COLOR@@3PAV?$basic_string@DU?$char_traits@D@std@@V?$allocator@D@2@@std@@A) already defined in * CIL library *(* CIL module *); second definition ignored
* CIL library *(* CIL module *) : warning LNK4006: "class D_COLOR::ColorM::Modifier D_COLOR::redM" (?redM@D_COLOR@@3VModifier@ColorM@1@A) already defined in * CIL library *(* CIL module *); second definition ignored
* CIL library *(* CIL module *) : warning LNK4006: "class D_COLOR::ColorM::Modifier D_COLOR::yellowM" (?yellowM@D_COLOR@@3VModifier@ColorM@1@A) already defined in * CIL library *(* CIL module *); second definition ignored
* CIL library *(* CIL module *) : warning LNK4006: "class D_COLOR::ColorM::Modifier D_COLOR::defM" (?defM@D_COLOR@@3VModifier@ColorM@1@A) already defined in * CIL library *(* CIL module *); second definition ignored
* CIL library *(* CIL module *) : warning LNK4006: "class D_COLOR::ColorM::Modifier D_COLOR::blueM" (?blueM@D_COLOR@@3VModifier@ColorM@1@A) already defined in * CIL library *(* CIL module *); second definition ignored
* CIL library *(* CIL module *) : warning LNK4006: "class D_COLOR::ColorM::Modifier D_COLOR::greenM" (?greenM@D_COLOR@@3VModifier@ColorM@1@A) already defined in * CIL library *(* CIL module *); second definition ignored
* CIL library *(* CIL module *) : warning LNK4006: "class D_COLOR::ColorM::Modifier D_COLOR::magentaM" (?magentaM@D_COLOR@@3VModifier@ColorM@1@A) already defined in * CIL library *(* CIL module *); second definition ignored
* CIL library *(* CIL module *) : warning LNK4006: "class std::vector<class std::basic_string<char,struct std::char_traits<char>,class std::allocator<char> >,class std::allocator<class std::basic_string<char,struct std::char_traits<char>,class std::allocator<char> > > > AllLog" (?AllLog@@3V?$vector@V?$basic_string@DU?$char_traits@D@std@@V?$allocator@D@2@@std@@V?$allocator@V?$basic_string@DU?$char_traits@D@std@@V?$allocator@D@2@@std@@@2@@std@@A) already defined in * CIL library *(* CIL module *); second definition ignored
* CIL library *(* CIL module *) : warning LNK4006: "class std::basic_string<char,struct std::char_traits<char>,class std::allocator<char> > * D_COLOR::debugstring" (?debugstring@D_COLOR@@3PAV?$basic_string@DU?$char_traits@D@std@@V?$allocator@D@2@@std@@A) already defined in * CIL library *(* CIL module *); second definition ignored
* CIL library *(* CIL module *) : warning LNK4006: "class D_COLOR::ColorM::Modifier D_COLOR::redM" (?redM@D_COLOR@@3VModifier@ColorM@1@A) already defined in * CIL library *(* CIL module *); second definition ignored
* CIL library *(* CIL module *) : warning LNK4006: "class D_COLOR::ColorM::Modifier D_COLOR::yellowM" (?yellowM@D_COLOR@@3VModifier@ColorM@1@A) already defined in * CIL library *(* CIL module *); second definition ignored
C:\Users\corig\Source\Repos\Pamma\Release\Pamma.exe : warning LNK4088: image being generated due to /FORCE option; image may not run
CrossSockets.lib(CS_Client.obj) : warning LNK4099: PDB 'CrossSockets.pdb' was not found with 'CrossSockets.lib(CS_Client.obj)' or at 'C:\Users\corig\Source\Repos\Pamma\Release\CrossSockets.pdb'; linking object as if no debug info
CrossSockets.lib(displayout.obj) : warning LNK4099: PDB 'CrossSockets.pdb' was not found with 'CrossSockets.lib(displayout.obj)' or at 'C:\Users\corig\Source\Repos\Pamma\Release\CrossSockets.pdb'; linking object as if no debug info
CrossSockets.lib(CS_COM.obj) : warning LNK4099: PDB 'CrossSockets.pdb' was not found with 'CrossSockets.lib(CS_COM.obj)' or at 'C:\Users\corig\Source\Repos\Pamma\Release\CrossSockets.pdb'; linking object as if no debug info
  Pamma.vcxproj -> C:\Users\corig\Source\Repos\Pamma\Release\Pamma.exe
